2025-05-27 22:36:21 error: uncaughtException: Cannot find module '@whiskeysockets/baileys'
Require stack:
- E:\Whatsapp-Only\config\whatsapp.js
- E:\Whatsapp-Only\app-whatsapp-only.js
Error: Cannot find module '@whiskeysockets/baileys'
Require stack:
- E:\Whatsapp-Only\config\whatsapp.js
- E:\Whatsapp-Only\app-whatsapp-only.js
    at Function._resolveFilename (node:internal/modules/cjs/loader:1244:15)
    at Function._load (node:internal/modules/cjs/loader:1070:27)
    at TracingChannel.traceSync (node:diagnostics_channel:322:14)
    at wrapModuleLoad (node:internal/modules/cjs/loader:217:24)
    at Module.require (node:internal/modules/cjs/loader:1335:12)
    at require (node:internal/modules/helpers:136:16)
    at Object.<anonymous> (E:\Whatsapp-Only\config\whatsapp.js:2:76)
    at Module._compile (node:internal/modules/cjs/loader:1562:14)
    at Object..js (node:internal/modules/cjs/loader:1699:10)
    at Module.load (node:internal/modules/cjs/loader:1313:32)
2025-05-27 22:39:59 error: uncaughtException: Cannot find module './sendMessage'
Require stack:
- E:\Whatsapp-Only\config\whatsapp.js
- E:\Whatsapp-Only\app-whatsapp-only.js
Error: Cannot find module './sendMessage'
Require stack:
- E:\Whatsapp-Only\config\whatsapp.js
- E:\Whatsapp-Only\app-whatsapp-only.js
    at Function._resolveFilename (node:internal/modules/cjs/loader:1244:15)
    at Function._load (node:internal/modules/cjs/loader:1070:27)
    at TracingChannel.traceSync (node:diagnostics_channel:322:14)
    at wrapModuleLoad (node:internal/modules/cjs/loader:217:24)
    at Module.require (node:internal/modules/cjs/loader:1335:12)
    at require (node:internal/modules/helpers:136:16)
    at Object.<anonymous> (E:\Whatsapp-Only\config\whatsapp.js:3057:21)
    at Module._compile (node:internal/modules/cjs/loader:1562:14)
    at Object..js (node:internal/modules/cjs/loader:1699:10)
    at Module.load (node:internal/modules/cjs/loader:1313:32)
2025-05-31 14:29:38 error: uncaughtException: Timed out after 10 seconds
RosException: Timed out after 10 seconds
    at Connector.onTimeout (/home/alijaya/whatsapp/node_modules/node-routeros/dist/connector/Connector.js:188:30)
    at Object.onceWrapper (node:events:638:28)
    at Socket.emit (node:events:524:28)
    at Socket._onTimeout (node:net:609:8)
    at listOnTimeout (node:internal/timers:594:17)
    at process.processTimers (node:internal/timers:529:7)
2025-06-04 02:27:07 error: uncaughtException: Timed out after 10 seconds
RosException: Timed out after 10 seconds
    at Connector.onTimeout (/home/alijaya/whatsapp/node_modules/node-routeros/dist/connector/Connector.js:188:30)
    at Object.onceWrapper (node:events:638:28)
    at Socket.emit (node:events:524:28)
    at Socket._onTimeout (node:net:609:8)
    at listOnTimeout (node:internal/timers:594:17)
    at process.processTimers (node:internal/timers:529:7)
2025-07-04 20:26:47 error: uncaughtException: findDeviceByTag is not a function
TypeError: findDeviceByTag is not a function
    at isValidCustomer (E:\whatsapp\routes\customerPortal.js:17:24)
    at E:\whatsapp\routes\customerPortal.js:214:14
    at Layer.handle [as handle_request] (E:\whatsapp\node_modules\express\lib\router\layer.js:95:5)
    at next (E:\whatsapp\node_modules\express\lib\router\route.js:149:13)
    at Route.dispatch (E:\whatsapp\node_modules\express\lib\router\route.js:119:3)
    at Layer.handle [as handle_request] (E:\whatsapp\node_modules\express\lib\router\layer.js:95:5)
    at E:\whatsapp\node_modules\express\lib\router\index.js:284:15
    at Function.process_params (E:\whatsapp\node_modules\express\lib\router\index.js:346:12)
    at next (E:\whatsapp\node_modules\express\lib\router\index.js:280:10)
    at Function.handle (E:\whatsapp\node_modules\express\lib\router\index.js:175:3)
2025-07-04 20:28:52 error: uncaughtException: findDeviceByTag is not a function
TypeError: findDeviceByTag is not a function
    at isValidCustomer (E:\whatsapp\routes\customerPortal.js:17:24)
    at E:\whatsapp\routes\customerPortal.js:214:14
    at Layer.handle [as handle_request] (E:\whatsapp\node_modules\express\lib\router\layer.js:95:5)
    at next (E:\whatsapp\node_modules\express\lib\router\route.js:149:13)
    at Route.dispatch (E:\whatsapp\node_modules\express\lib\router\route.js:119:3)
    at Layer.handle [as handle_request] (E:\whatsapp\node_modules\express\lib\router\layer.js:95:5)
    at E:\whatsapp\node_modules\express\lib\router\index.js:284:15
    at Function.process_params (E:\whatsapp\node_modules\express\lib\router\index.js:346:12)
    at next (E:\whatsapp\node_modules\express\lib\router\index.js:280:10)
    at Function.handle (E:\whatsapp\node_modules\express\lib\router\index.js:175:3)
2025-07-04 20:40:01 error: uncaughtException: Cannot set properties of undefined (setting 'phone')
TypeError: Cannot set properties of undefined (setting 'phone')
    at E:\whatsapp\routes\customerPortal.js:225:23
    at process.processTicksAndRejections (node:internal/process/task_queues:105:5)
2025-07-04 20:42:09 error: uncaughtException: Cannot set properties of undefined (setting 'phone')
TypeError: Cannot set properties of undefined (setting 'phone')
    at E:\whatsapp\routes\customerPortal.js:225:23
    at process.processTicksAndRejections (node:internal/process/task_queues:105:5)
2025-07-07 18:51:04 error: uncaughtException: Cannot find module 'node-routeros'
Require stack:
- E:\portal-webclien aja\config\mikrotik.js
- E:\portal-webclien aja\config\genieacs.js
- E:\portal-webclien aja\config\genieacs-commands.js
- E:\portal-webclien aja\app-whatsapp-only.js
Error: Cannot find module 'node-routeros'
Require stack:
- E:\portal-webclien aja\config\mikrotik.js
- E:\portal-webclien aja\config\genieacs.js
- E:\portal-webclien aja\config\genieacs-commands.js
- E:\portal-webclien aja\app-whatsapp-only.js
    at Function._resolveFilename (node:internal/modules/cjs/loader:1244:15)
    at Function._load (node:internal/modules/cjs/loader:1070:27)
    at TracingChannel.traceSync (node:diagnostics_channel:322:14)
    at wrapModuleLoad (node:internal/modules/cjs/loader:217:24)
    at Module.require (node:internal/modules/cjs/loader:1335:12)
    at require (node:internal/modules/helpers:136:16)
    at Object.<anonymous> (E:\portal-webclien aja\config\mikrotik.js:2:25)
    at Module._compile (node:internal/modules/cjs/loader:1562:14)
    at Object..js (node:internal/modules/cjs/loader:1699:10)
    at Module.load (node:internal/modules/cjs/loader:1313:32)
2025-07-07 19:24:37 error: uncaughtException: Cannot find module './sendMessage'
Require stack:
- E:\portal-webclien aja\config\genieacs.js
- E:\portal-webclien aja\config\genieacs-commands.js
- E:\portal-webclien aja\app-whatsapp-only.js
Error: Cannot find module './sendMessage'
Require stack:
- E:\portal-webclien aja\config\genieacs.js
- E:\portal-webclien aja\config\genieacs-commands.js
- E:\portal-webclien aja\app-whatsapp-only.js
    at Function._resolveFilename (node:internal/modules/cjs/loader:1244:15)
    at Function._load (node:internal/modules/cjs/loader:1070:27)
    at TracingChannel.traceSync (node:diagnostics_channel:322:14)
    at wrapModuleLoad (node:internal/modules/cjs/loader:217:24)
    at Module.require (node:internal/modules/cjs/loader:1335:12)
    at require (node:internal/modules/helpers:136:16)
    at Object.<anonymous> (E:\portal-webclien aja\config\genieacs.js:3:35)
    at Module._compile (node:internal/modules/cjs/loader:1562:14)
    at Object..js (node:internal/modules/cjs/loader:1699:10)
    at Module.load (node:internal/modules/cjs/loader:1313:32)
2025-07-07 19:26:29 error: uncaughtException: Cannot find module './genieacs'
Require stack:
- E:\portal-webclien aja\config\genieacs-commands.js
- E:\portal-webclien aja\app-whatsapp-only.js
Error: Cannot find module './genieacs'
Require stack:
- E:\portal-webclien aja\config\genieacs-commands.js
- E:\portal-webclien aja\app-whatsapp-only.js
    at Function._resolveFilename (node:internal/modules/cjs/loader:1244:15)
    at Function._load (node:internal/modules/cjs/loader:1070:27)
    at TracingChannel.traceSync (node:diagnostics_channel:322:14)
    at wrapModuleLoad (node:internal/modules/cjs/loader:217:24)
    at Module.require (node:internal/modules/cjs/loader:1335:12)
    at require (node:internal/modules/helpers:136:16)
    at Object.<anonymous> (E:\portal-webclien aja\config\genieacs-commands.js:3:21)
    at Module._compile (node:internal/modules/cjs/loader:1562:14)
    at Object..js (node:internal/modules/cjs/loader:1699:10)
    at Module.load (node:internal/modules/cjs/loader:1313:32)
2025-07-07 19:31:08 error: uncaughtException: Cannot find module './responses'
Require stack:
- E:\portal-webclien aja\config\genieacs-commands.js
- E:\portal-webclien aja\app-whatsapp-only.js
Error: Cannot find module './responses'
Require stack:
- E:\portal-webclien aja\config\genieacs-commands.js
- E:\portal-webclien aja\app-whatsapp-only.js
    at Function._resolveFilename (node:internal/modules/cjs/loader:1244:15)
    at Function._load (node:internal/modules/cjs/loader:1070:27)
    at TracingChannel.traceSync (node:diagnostics_channel:322:14)
    at wrapModuleLoad (node:internal/modules/cjs/loader:217:24)
    at Module.require (node:internal/modules/cjs/loader:1335:12)
    at require (node:internal/modules/helpers:136:16)
    at Object.<anonymous> (E:\portal-webclien aja\config\genieacs-commands.js:4:19)
    at Module._compile (node:internal/modules/cjs/loader:1562:14)
    at Object..js (node:internal/modules/cjs/loader:1699:10)
    at Module.load (node:internal/modules/cjs/loader:1313:32)
2025-07-07 19:32:15 error: uncaughtException: Cannot find module '../config/addWAN'
Require stack:
- E:\portal-webclien aja\routes\customerPortal.js
- E:\portal-webclien aja\app-whatsapp-only.js
Error: Cannot find module '../config/addWAN'
Require stack:
- E:\portal-webclien aja\routes\customerPortal.js
- E:\portal-webclien aja\app-whatsapp-only.js
    at Function._resolveFilename (node:internal/modules/cjs/loader:1244:15)
    at Function._load (node:internal/modules/cjs/loader:1070:27)
    at TracingChannel.traceSync (node:diagnostics_channel:322:14)
    at wrapModuleLoad (node:internal/modules/cjs/loader:217:24)
    at Module.require (node:internal/modules/cjs/loader:1335:12)
    at require (node:internal/modules/helpers:136:16)
    at Object.<anonymous> (E:\portal-webclien aja\routes\customerPortal.js:5:29)
    at Module._compile (node:internal/modules/cjs/loader:1562:14)
    at Object..js (node:internal/modules/cjs/loader:1699:10)
    at Module.load (node:internal/modules/cjs/loader:1313:32)
